Using pre-set license
Built from '2021.3/staging' branch; Version is '2021.3.19f1 (c9714fde33b6) revision 13201743'; Using compiler version '192829333'; Build Type 'Release'
OS: 'Windows 11  (10.0.22621) 64bit Core' Language: 'es' Physical Memory: 6020 MB
BatchMode: 1, IsHumanControllingUs: 0, StartBugReporterOnCrash: 0, Is64bit: 1, IsPro: 1

COMMAND LINE ARGUMENTS:
C:\Program Files\Unity\Hub\Editor\2021.3.19f1\Editor\Unity.exe
-adb2
-batchMode
-noUpm
-name
AssetImportWorker0
-projectPath
C:/Users/facub/Documents/ComputacionGrafica/proyecto-3-mtauro-fbernardini
-logFile
Logs/AssetImportWorker0.log
-srvPort
50644
Successfully changed project path to: C:/Users/facub/Documents/ComputacionGrafica/proyecto-3-mtauro-fbernardini
C:/Users/facub/Documents/ComputacionGrafica/proyecto-3-mtauro-fbernardini
[UnityMemory] Configuration Parameters - Can be set up in boot.config
    "memorysetup-bucket-allocator-granularity=16"
    "memorysetup-bucket-allocator-bucket-count=8"
    "memorysetup-bucket-allocator-block-size=33554432"
    "memorysetup-bucket-allocator-block-count=8"
    "memorysetup-main-allocator-block-size=16777216"
    "memorysetup-thread-allocator-block-size=16777216"
    "memorysetup-gfx-main-allocator-block-size=16777216"
    "memorysetup-gfx-thread-allocator-block-size=16777216"
    "memorysetup-cache-allocator-block-size=4194304"
    "memorysetup-typetree-allocator-block-size=2097152"
    "memorysetup-profiler-bucket-allocator-granularity=16"
    "memorysetup-profiler-bucket-allocator-bucket-count=8"
    "memorysetup-profiler-bucket-allocator-block-size=33554432"
    "memorysetup-profiler-bucket-allocator-block-count=8"
    "memorysetup-profiler-allocator-block-size=16777216"
    "memorysetup-profiler-editor-allocator-block-size=1048576"
    "memorysetup-temp-allocator-size-main=16777216"
    "memorysetup-job-temp-allocator-block-size=2097152"
    "memorysetup-job-temp-allocator-block-size-background=1048576"
    "memorysetup-job-temp-allocator-reduction-small-platforms=262144"
    "memorysetup-temp-allocator-size-background-worker=32768"
    "memorysetup-temp-allocator-size-job-worker=262144"
    "memorysetup-temp-allocator-size-preload-manager=33554432"
    "memorysetup-temp-allocator-size-nav-mesh-worker=65536"
    "memorysetup-temp-allocator-size-audio-worker=65536"
    "memorysetup-temp-allocator-size-cloud-worker=32768"
    "memorysetup-temp-allocator-size-gi-baking-worker=262144"
    "memorysetup-temp-allocator-size-gfx=262144"
Player connection [3904] Host "[IP] 192.168.8.1 [Port] 0 [Flags] 2 [Guid] 691804854 [EditorId] 691804854 [Version] 1048832 [Id] WindowsEditor(7,Notebook-Facu) [Debug] 1 [PackageName] WindowsEditor [ProjectName] Editor" joined multi-casting on [225.0.0.222:54997]...

Player connection [3904] Host "[IP] 192.168.8.1 [Port] 0 [Flags] 2 [Guid] 691804854 [EditorId] 691804854 [Version] 1048832 [Id] WindowsEditor(7,Notebook-Facu) [Debug] 1 [PackageName] WindowsEditor [ProjectName] Editor" joined alternative multi-casting on [225.0.0.222:34997]...

Refreshing native plugins compatible for Editor in 168.39 ms, found 3 plugins.
Preloading 0 native plugins for Editor in 0.00 ms.
Initialize engine version: 2021.3.19f1 (c9714fde33b6)
[Subsystems] Discovering subsystems at path C:/Program Files/Unity/Hub/Editor/2021.3.19f1/Editor/Data/Resources/UnitySubsystems
[Subsystems] Discovering subsystems at path C:/Users/facub/Documents/ComputacionGrafica/proyecto-3-mtauro-fbernardini/Assets
GfxDevice: creating device client; threaded=0; jobified=0
Direct3D:
    Version:  Direct3D 11.0 [level 11.1]
    Renderer: AMD Radeon(TM) Vega 8 Graphics (ID=0x15d8)
    Vendor:   ATI
    VRAM:     3010 MB
    Driver:   31.0.12024.0
Initialize mono
Mono path[0] = 'C:/Program Files/Unity/Hub/Editor/2021.3.19f1/Editor/Data/Managed'
Mono path[1] = 'C:/Program Files/Unity/Hub/Editor/2021.3.19f1/Editor/Data/MonoBleedingEdge/lib/mono/unityjit-win32'
Mono config path = 'C:/Program Files/Unity/Hub/Editor/2021.3.19f1/Editor/Data/MonoBleedingEdge/etc'
Using monoOptions --debugger-agent=transport=dt_socket,embedding=1,server=y,suspend=n,address=127.0.0.1:56156
Begin MonoManager ReloadAssembly
Registering precompiled unity dll's ...
Register platform support module: C:/Program Files/Unity/Hub/Editor/2021.3.19f1/Editor/Data/PlaybackEngines/WebGLSupport/UnityEditor.WebGL.Extensions.dll
Register platform support module: C:/Program Files/Unity/Hub/Editor/2021.3.19f1/Editor/Data/PlaybackEngines/AndroidPlayer/UnityEditor.Android.Extensions.dll
Register platform support module: C:/Program Files/Unity/Hub/Editor/2021.3.19f1/Editor/Data/PlaybackEngines/WindowsStandaloneSupport/UnityEditor.WindowsStandalone.Extensions.dll
Registered in 0.017785 seconds.
Native extension for WindowsStandalone target not found
Native extension for Android target not found
Android Extension - Scanning For ADB Devices 682 ms
Native extension for WebGL target not found
Refreshing native plugins compatible for Editor in 140.08 ms, found 3 plugins.
Preloading 0 native plugins for Editor in 0.00 ms.
Mono: successfully reloaded assembly
- Completed reload, in  2.385 seconds
Domain Reload Profiling:
	ReloadAssembly (2386ms)
		BeginReloadAssembly (219ms)
			ExecutionOrderSort (0ms)
			DisableScriptedObjects (0ms)
			BackupInstance (0ms)
			ReleaseScriptingObjects (0ms)
			CreateAndSetChildDomain (2ms)
		EndReloadAssembly (1866ms)
			LoadAssemblies (215ms)
			RebuildTransferFunctionScriptingTraits (0ms)
			SetupTypeCache (296ms)
			ReleaseScriptCaches (0ms)
			RebuildScriptCaches (64ms)
			SetupLoadedEditorAssemblies (1384ms)
				LogAssemblyErrors (0ms)
				InitializePlatformSupportModulesInManaged (898ms)
				SetLoadedEditorAssemblies (0ms)
				RefreshPlugins (140ms)
				BeforeProcessingInitializeOnLoad (3ms)
				ProcessInitializeOnLoadAttributes (230ms)
				ProcessInitializeOnLoadMethodAttributes (112ms)
				AfterProcessingInitializeOnLoad (0ms)
				EditorAssembliesLoaded (0ms)
			ExecutionOrderSort2 (0ms)
			AwakeInstancesAfterBackupRestoration (0ms)
Platform modules already initialized, skipping
Registering precompiled user dll's ...
Registered in 0.014266 seconds.
Begin MonoManager ReloadAssembly
Symbol file LoadedFromMemory doesn't match image C:\Users\facub\Documents\ComputacionGrafica\proyecto-3-mtauro-fbernardini\Library\PackageCache\com.unity.visualscripting@1.8.0\Editor\VisualScripting.Core\Dependencies\YamlDotNet\Unity.VisualScripting.YamlDotNet.dll
Symbol file LoadedFromMemory doesn't match image C:\Users\facub\Documents\ComputacionGrafica\proyecto-3-mtauro-fbernardini\Library\PackageCache\com.unity.visualscripting@1.8.0\Editor\VisualScripting.Core\Dependencies\DotNetZip\Unity.VisualScripting.IonicZip.dll
Native extension for WindowsStandalone target not found
Native extension for Android target not found
Native extension for WebGL target not found
Refreshing native plugins compatible for Editor in 1.95 ms, found 3 plugins.
Preloading 0 native plugins for Editor in 0.00 ms.
Mono: successfully reloaded assembly
- Completed reload, in  2.625 seconds
Domain Reload Profiling:
	ReloadAssembly (2627ms)
		BeginReloadAssembly (285ms)
			ExecutionOrderSort (0ms)
			DisableScriptedObjects (12ms)
			BackupInstance (0ms)
			ReleaseScriptingObjects (0ms)
			CreateAndSetChildDomain (50ms)
		EndReloadAssembly (2067ms)
			LoadAssemblies (222ms)
			RebuildTransferFunctionScriptingTraits (0ms)
			SetupTypeCache (638ms)
			ReleaseScriptCaches (2ms)
			RebuildScriptCaches (139ms)
			SetupLoadedEditorAssemblies (1003ms)
				LogAssemblyErrors (0ms)
				InitializePlatformSupportModulesInManaged (43ms)
				SetLoadedEditorAssemblies (1ms)
				RefreshPlugins (2ms)
				BeforeProcessingInitializeOnLoad (162ms)
				ProcessInitializeOnLoadAttributes (733ms)
				ProcessInitializeOnLoadMethodAttributes (42ms)
				AfterProcessingInitializeOnLoad (19ms)
				EditorAssembliesLoaded (0ms)
			ExecutionOrderSort2 (0ms)
			AwakeInstancesAfterBackupRestoration (12ms)
Platform modules already initialized, skipping
========================================================================
Worker process is ready to serve import requests
Launched and connected shader compiler UnityShaderCompiler.exe after 0.17 seconds
Refreshing native plugins compatible for Editor in 2.01 ms, found 3 plugins.
Preloading 0 native plugins for Editor in 0.00 ms.
Unloading 3134 Unused Serialized files (Serialized files now loaded: 0)
Unloading 22 unused Assets / (56.8 KB). Loaded Objects now: 3627.
Memory consumption went from 138.1 MB to 138.0 MB.
Total: 8.134300 ms (FindLiveObjects: 0.915700 ms CreateObjectMapping: 0.450700 ms MarkObjects: 6.532600 ms  DeleteObjects: 0.232300 ms)

AssetImportParameters requested are different than current active one (requested -> active):
  custom:video-decoder-ogg-theora: a1e56fd34408186e4bbccfd4996cb3dc -> 
  custom:container-muxer-webm: aa71ff27fc2769a1b78a27578f13a17b -> 
  custom:container-demuxer-webm: 4f35f7cbe854078d1ac9338744f61a02 -> 
  custom:video-encoder-webm-vp8: eb34c28f22e8b96e1ab97ce403110664 -> 
  custom:video-codec-MediaFoundation-h265: 746d11721c4dcdbdad8f713fa42b33f4 -> 
  custom:audio-encoder-webm-vorbis: bf7c407c2cedff20999df2af8eb42d56 -> 
  custom:framework-win-MediaFoundation: 216162199b28c13a410421893ffa2e32 -> 
  custom:container-demuxer-ogg: 62fdf1f143b41e24485cea50d1cbac27 -> 
  custom:video-decoder-webm-vp8: 9c59270c3fd7afecdb556c50c9e8de78 -> 
  custom:audio-decoder-ogg-vorbis: bf7c407c2cedff20999df2af8eb42d56 -> 
========================================================================
Received Import Request.
  Time since last request: 7714.934610 seconds.
  path: Assets/Scripts/Otros/SonidoAnomalias.cs
  artifactKey: Guid(172fe2a14f20bae4dbecbc1590598fe9) Importer(815301076,1909f56bfc062723c751e8b465ee728b)
Start importing Assets/Scripts/Otros/SonidoAnomalias.cs using Guid(172fe2a14f20bae4dbecbc1590598fe9) Importer(815301076,1909f56bfc062723c751e8b465ee728b)  -> (artifact id: '5cfc6ceb1a6f5b53641aeced831fdccd') in 0.112401 seconds 
========================================================================
Received Import Request.
  Time since last request: 2.806458 seconds.
  path: Assets/Scripts/Otros/SonidoAnomalias2.cs
  artifactKey: Guid(de39472ae55f84245acd6da32daf7eb0) Importer(815301076,1909f56bfc062723c751e8b465ee728b)
Start importing Assets/Scripts/Otros/SonidoAnomalias2.cs using Guid(de39472ae55f84245acd6da32daf7eb0) Importer(815301076,1909f56bfc062723c751e8b465ee728b)  -> (artifact id: 'ac80c7c12a117069c2c5224b4c73ec8b') in 0.031779 seconds 
========================================================================
Received Import Request.
  Time since last request: 1210.989563 seconds.
  path: Assets/Scripts
  artifactKey: Guid(164a47d7827459b4482baac42c4229b2) Importer(815301076,1909f56bfc062723c751e8b465ee728b)
Start importing Assets/Scripts using Guid(164a47d7827459b4482baac42c4229b2) Importer(815301076,1909f56bfc062723c751e8b465ee728b)  -> (artifact id: 'a5e0f9b0205b9fa3c2c25d53d76fdade') in 0.013995 seconds 
========================================================================
Received Import Request.
  Time since last request: 4.254506 seconds.
  path: Assets/Modelos/Avatares/Doctora
  artifactKey: Guid(f249e474656a7b441be970b70e0a44ca) Importer(815301076,1909f56bfc062723c751e8b465ee728b)
Start importing Assets/Modelos/Avatares/Doctora using Guid(f249e474656a7b441be970b70e0a44ca) Importer(815301076,1909f56bfc062723c751e8b465ee728b)  -> (artifact id: '8ea997681d5e50dab449a0cfd1d872d8') in 0.014901 seconds 
========================================================================
Received Import Request.
  Time since last request: 1.423105 seconds.
  path: Assets/Modelos/Avatares/Doctora/DoctoraAgarrandoCosas.controller
  artifactKey: Guid(d061b4e987d78374c929689999ef7300) Importer(815301076,1909f56bfc062723c751e8b465ee728b)
Start importing Assets/Modelos/Avatares/Doctora/DoctoraAgarrandoCosas.controller using Guid(d061b4e987d78374c929689999ef7300) Importer(815301076,1909f56bfc062723c751e8b465ee728b)  -> (artifact id: 'c6e2cd7f26bdcb3ebd56e79dc4cb381d') in 0.042958 seconds 
========================================================================
Received Import Request.
  Time since last request: 0.817644 seconds.
  path: Assets/Modelos/Avatares/Doctora/DoctoraAgarrandoCosas.fbx
  artifactKey: Guid(fb71ee526a0a63840ac5b037da39c006) Importer(815301076,1909f56bfc062723c751e8b465ee728b)
Start importing Assets/Modelos/Avatares/Doctora/DoctoraAgarrandoCosas.fbx using Guid(fb71ee526a0a63840ac5b037da39c006) Importer(815301076,1909f56bfc062723c751e8b465ee728b)  -> (artifact id: '7bbbef5ec42e7715d85f04b5653ea0d4') in 0.323475 seconds 
========================================================================
Received Prepare
Registering precompiled user dll's ...
Registered in 0.006541 seconds.
Begin MonoManager ReloadAssembly
Symbol file LoadedFromMemory doesn't match image C:\Users\facub\Documents\ComputacionGrafica\proyecto-3-mtauro-fbernardini\Library\PackageCache\com.unity.visualscripting@1.8.0\Editor\VisualScripting.Core\Dependencies\YamlDotNet\Unity.VisualScripting.YamlDotNet.dll
Symbol file LoadedFromMemory doesn't match image C:\Users\facub\Documents\ComputacionGrafica\proyecto-3-mtauro-fbernardini\Library\PackageCache\com.unity.visualscripting@1.8.0\Editor\VisualScripting.Core\Dependencies\DotNetZip\Unity.VisualScripting.IonicZip.dll
Native extension for WindowsStandalone target not found
Native extension for Android target not found
Native extension for WebGL target not found
Refreshing native plugins compatible for Editor in 1.26 ms, found 3 plugins.
Preloading 0 native plugins for Editor in 0.00 ms.
Mono: successfully reloaded assembly
- Completed reload, in  1.803 seconds
Domain Reload Profiling:
	ReloadAssembly (1804ms)
		BeginReloadAssembly (229ms)
			ExecutionOrderSort (0ms)
			DisableScriptedObjects (9ms)
			BackupInstance (0ms)
			ReleaseScriptingObjects (0ms)
			CreateAndSetChildDomain (62ms)
		EndReloadAssembly (1396ms)
			LoadAssemblies (137ms)
			RebuildTransferFunctionScriptingTraits (0ms)
			SetupTypeCache (435ms)
			ReleaseScriptCaches (1ms)
			RebuildScriptCaches (54ms)
			SetupLoadedEditorAssemblies (684ms)
				LogAssemblyErrors (0ms)
				InitializePlatformSupportModulesInManaged (54ms)
				SetLoadedEditorAssemblies (1ms)
				RefreshPlugins (1ms)
				BeforeProcessingInitializeOnLoad (121ms)
				ProcessInitializeOnLoadAttributes (440ms)
				ProcessInitializeOnLoadMethodAttributes (47ms)
				AfterProcessingInitializeOnLoad (18ms)
				EditorAssembliesLoaded (0ms)
			ExecutionOrderSort2 (0ms)
			AwakeInstancesAfterBackupRestoration (13ms)
Platform modules already initialized, skipping
Refreshing native plugins compatible for Editor in 6.66 ms, found 3 plugins.
Preloading 0 native plugins for Editor in 0.00 ms.
Unloading 3086 Unused Serialized files (Serialized files now loaded: 0)
Unloading 15 unused Assets / (24.7 KB). Loaded Objects now: 3675.
Memory consumption went from 150.5 MB to 150.5 MB.
Total: 10.602400 ms (FindLiveObjects: 1.164800 ms CreateObjectMapping: 0.693900 ms MarkObjects: 8.653900 ms  DeleteObjects: 0.086000 ms)

AssetImportParameters requested are different than current active one (requested -> active):
  custom:video-decoder-ogg-theora: a1e56fd34408186e4bbccfd4996cb3dc -> 
  custom:container-muxer-webm: aa71ff27fc2769a1b78a27578f13a17b -> 
  custom:container-demuxer-webm: 4f35f7cbe854078d1ac9338744f61a02 -> 
  custom:video-encoder-webm-vp8: eb34c28f22e8b96e1ab97ce403110664 -> 
  custom:video-codec-MediaFoundation-h265: 746d11721c4dcdbdad8f713fa42b33f4 -> 
  custom:audio-encoder-webm-vorbis: bf7c407c2cedff20999df2af8eb42d56 -> 
  custom:framework-win-MediaFoundation: 216162199b28c13a410421893ffa2e32 -> 
  custom:container-demuxer-ogg: 62fdf1f143b41e24485cea50d1cbac27 -> 
  custom:video-decoder-webm-vp8: 9c59270c3fd7afecdb556c50c9e8de78 -> 
  custom:audio-decoder-ogg-vorbis: bf7c407c2cedff20999df2af8eb42d56 -> 
========================================================================
Received Import Request.
  Time since last request: 425.371233 seconds.
  path: Assets/Modelos/Avatares/Facu/Sorprendido2/Surprised.controller
  artifactKey: Guid(7d6e971f2658831498a7759ddfbe3617) Importer(815301076,1909f56bfc062723c751e8b465ee728b)
Start importing Assets/Modelos/Avatares/Facu/Sorprendido2/Surprised.controller using Guid(7d6e971f2658831498a7759ddfbe3617) Importer(815301076,1909f56bfc062723c751e8b465ee728b)  -> (artifact id: '26c81317f7d80fd70f9510e54076d974') in 0.053635 seconds 
========================================================================
Received Import Request.
  Time since last request: 1.072765 seconds.
  path: Assets/Modelos/Avatares/Facu/Sorprendido2/Standing Idle 02.fbx
  artifactKey: Guid(83cfa24368749aa44a6a2406530714f1) Importer(815301076,1909f56bfc062723c751e8b465ee728b)
Start importing Assets/Modelos/Avatares/Facu/Sorprendido2/Standing Idle 02.fbx using Guid(83cfa24368749aa44a6a2406530714f1) Importer(815301076,1909f56bfc062723c751e8b465ee728b)  -> (artifact id: '354c86582cb24567e04fcf984d3ff10c') in 0.280639 seconds 
========================================================================
Received Import Request.
  Time since last request: 6.862517 seconds.
  path: Assets/Modelos/Avatares/Facu/Sorprendido2
  artifactKey: Guid(c11ea3512bd603144abb9223442d37a4) Importer(815301076,1909f56bfc062723c751e8b465ee728b)
Start importing Assets/Modelos/Avatares/Facu/Sorprendido2 using Guid(c11ea3512bd603144abb9223442d37a4) Importer(815301076,1909f56bfc062723c751e8b465ee728b)  -> (artifact id: 'bd3294d93bed1b7f07a51e81ad905e75') in 0.016455 seconds 
========================================================================
Received Import Request.
  Time since last request: 42.293966 seconds.
  path: Assets/Modelos/Avatares/IntrusoExterior/Trepando/IntrusoExteriorTrepando.fbx
  artifactKey: Guid(a1fb3cd2db44d3446b29a6864ddaf73f) Importer(815301076,1909f56bfc062723c751e8b465ee728b)
Start importing Assets/Modelos/Avatares/IntrusoExterior/Trepando/IntrusoExteriorTrepando.fbx using Guid(a1fb3cd2db44d3446b29a6864ddaf73f) Importer(815301076,1909f56bfc062723c751e8b465ee728b)  -> (artifact id: '4290ee7e25cc8ad3f53411cf6ad8ac0f') in 0.186211 seconds 
========================================================================
Received Import Request.
  Time since last request: 102.533955 seconds.
  path: Assets/Modelos/Avatares/IntrusoExterior/Trepando
  artifactKey: Guid(339c8c95054128a468b82af4be5b1bb7) Importer(815301076,1909f56bfc062723c751e8b465ee728b)
Start importing Assets/Modelos/Avatares/IntrusoExterior/Trepando using Guid(339c8c95054128a468b82af4be5b1bb7) Importer(815301076,1909f56bfc062723c751e8b465ee728b)  -> (artifact id: '942d568740a825aa87cb4133fdf4fb49') in 0.015197 seconds 
========================================================================
Received Import Request.
  Time since last request: 2.524285 seconds.
  path: Assets/Modelos/Avatares/Manu/Button Pushing (1).fbx
  artifactKey: Guid(48bc3d0be51da104f9d8cf7b2b346db0) Importer(815301076,1909f56bfc062723c751e8b465ee728b)
Start importing Assets/Modelos/Avatares/Manu/Button Pushing (1).fbx using Guid(48bc3d0be51da104f9d8cf7b2b346db0) Importer(815301076,1909f56bfc062723c751e8b465ee728b)  -> (artifact id: 'e18d4dc43f853e7cbb158d65fe20cdeb') in 0.192995 seconds 
========================================================================
Received Prepare
Registering precompiled user dll's ...
Registered in 0.009352 seconds.
Begin MonoManager ReloadAssembly
Symbol file LoadedFromMemory doesn't match image C:\Users\facub\Documents\ComputacionGrafica\proyecto-3-mtauro-fbernardini\Library\PackageCache\com.unity.visualscripting@1.8.0\Editor\VisualScripting.Core\Dependencies\YamlDotNet\Unity.VisualScripting.YamlDotNet.dll
Symbol file LoadedFromMemory doesn't match image C:\Users\facub\Documents\ComputacionGrafica\proyecto-3-mtauro-fbernardini\Library\PackageCache\com.unity.visualscripting@1.8.0\Editor\VisualScripting.Core\Dependencies\DotNetZip\Unity.VisualScripting.IonicZip.dll
Native extension for WindowsStandalone target not found
Native extension for Android target not found
Native extension for WebGL target not found
Refreshing native plugins compatible for Editor in 1.70 ms, found 3 plugins.
Preloading 0 native plugins for Editor in 0.00 ms.
Mono: successfully reloaded assembly
- Completed reload, in  3.135 seconds
Domain Reload Profiling:
	ReloadAssembly (3140ms)
		BeginReloadAssembly (681ms)
			ExecutionOrderSort (0ms)
			DisableScriptedObjects (33ms)
			BackupInstance (0ms)
			ReleaseScriptingObjects (0ms)
			CreateAndSetChildDomain (264ms)
		EndReloadAssembly (2160ms)
			LoadAssemblies (306ms)
			RebuildTransferFunctionScriptingTraits (0ms)
			SetupTypeCache (792ms)
			ReleaseScriptCaches (4ms)
			RebuildScriptCaches (118ms)
			SetupLoadedEditorAssemblies (871ms)
				LogAssemblyErrors (0ms)
				InitializePlatformSupportModulesInManaged (78ms)
				SetLoadedEditorAssemblies (1ms)
				RefreshPlugins (2ms)
				BeforeProcessingInitializeOnLoad (157ms)
				ProcessInitializeOnLoadAttributes (559ms)
				ProcessInitializeOnLoadMethodAttributes (53ms)
				AfterProcessingInitializeOnLoad (20ms)
				EditorAssembliesLoaded (0ms)
			ExecutionOrderSort2 (0ms)
			AwakeInstancesAfterBackupRestoration (15ms)
Platform modules already initialized, skipping
Refreshing native plugins compatible for Editor in 4.57 ms, found 3 plugins.
Preloading 0 native plugins for Editor in 0.00 ms.
Unloading 3086 Unused Serialized files (Serialized files now loaded: 0)
Unloading 15 unused Assets / (24.7 KB). Loaded Objects now: 3678.
Memory consumption went from 150.6 MB to 150.5 MB.
Total: 10.295300 ms (FindLiveObjects: 1.379500 ms CreateObjectMapping: 0.587600 ms MarkObjects: 8.186200 ms  DeleteObjects: 0.138300 ms)

AssetImportParameters requested are different than current active one (requested -> active):
  custom:video-decoder-ogg-theora: a1e56fd34408186e4bbccfd4996cb3dc -> 
  custom:container-muxer-webm: aa71ff27fc2769a1b78a27578f13a17b -> 
  custom:container-demuxer-webm: 4f35f7cbe854078d1ac9338744f61a02 -> 
  custom:video-encoder-webm-vp8: eb34c28f22e8b96e1ab97ce403110664 -> 
  custom:video-codec-MediaFoundation-h265: 746d11721c4dcdbdad8f713fa42b33f4 -> 
  custom:audio-encoder-webm-vorbis: bf7c407c2cedff20999df2af8eb42d56 -> 
  custom:framework-win-MediaFoundation: 216162199b28c13a410421893ffa2e32 -> 
  custom:container-demuxer-ogg: 62fdf1f143b41e24485cea50d1cbac27 -> 
  custom:video-decoder-webm-vp8: 9c59270c3fd7afecdb556c50c9e8de78 -> 
  custom:audio-decoder-ogg-vorbis: bf7c407c2cedff20999df2af8eb42d56 -> 
========================================================================
Received Import Request.
  Time since last request: 1886.052890 seconds.
  path: Assets/Scripts/Otros/Relampago.cs
  artifactKey: Guid(529d1e86643981845a4578354b5a8e66) Importer(815301076,1909f56bfc062723c751e8b465ee728b)
Start importing Assets/Scripts/Otros/Relampago.cs using Guid(529d1e86643981845a4578354b5a8e66) Importer(815301076,1909f56bfc062723c751e8b465ee728b)  -> (artifact id: 'ad1cea38708a4d10971e44ebe8d9d62b') in 0.028705 seconds 
